[35m[1mScanning dependencies of target listener[0m
[ 50%] [32mBuilding CXX object CMakeFiles/listener.dir/src/scicobot_subscriber_encoder.cpp.o[0m
[01m[K/home/otavio/dev_ws/src/scicobot_encoder/src/scicobot_subscriber_encoder.cpp:37:36:[m[K [01;31m[Kerror: [m[Kâ€˜[01m[Kstd_msgs[m[Kâ€™ does not name a type
   37 |   void callback_encoder_left(const [01;31m[Kstd_msgs[m[K::msg::UInt8::SharedPtr msg_encoder_left) const
      |                                    [01;31m[K^~~~~~~~[m[K
[01m[K/home/otavio/dev_ws/src/scicobot_encoder/src/scicobot_subscriber_encoder.cpp:37:49:[m[K [01;31m[Kerror: [m[Kexpected unqualified-id before â€˜[01m[K::[m[Kâ€™ token
   37 |   void callback_encoder_left(const std_msgs::msg[01;31m[K::[m[KUInt8::SharedPtr msg_encoder_left) const
      |                                                 [01;31m[K^~[m[K
[01m[K/home/otavio/dev_ws/src/scicobot_encoder/src/scicobot_subscriber_encoder.cpp:37:49:[m[K [01;31m[Kerror: [m[Kexpected â€˜[01m[K)[m[Kâ€™ before â€˜[01m[K::[m[Kâ€™ token
   37 |   void callback_encoder_left[34m[K([m[Kconst std_msgs::msg[01;31m[K:[m[K[32m[K:[m[KUInt8::SharedPtr msg_encoder_left) const
      |                             [34m[K~[m[K                   [01;31m[K^[m[K[32m[K~[m[K
      |                                                 [32m[K)[m[K
[01m[K/home/otavio/dev_ws/src/scicobot_encoder/src/scicobot_subscriber_encoder.cpp:37:46:[m[K [01;31m[Kerror: [m[Kexpected â€˜[01m[K;[m[Kâ€™ at end of member declaration
   37 |   void callback_encoder_left(const std_msgs::[01;31m[Kmsg[m[K::UInt8::SharedPtr msg_encoder_left) const
      |                                              [01;31m[K^~~[m[K
      |                                                 [32m[K;[m[K
[01m[K/home/otavio/dev_ws/src/scicobot_encoder/src/scicobot_subscriber_encoder.cpp:37:51:[m[K [01;31m[Kerror: [m[Kâ€˜[01m[KUInt8[m[Kâ€™ in namespace â€˜[01m[K::[m[Kâ€™ does not name a type
   37 |   void callback_encoder_left(const std_msgs::msg::[01;31m[KUInt8[m[K::SharedPtr msg_encoder_left) const
      |                                                   [01;31m[K^~~~~[m[K
[01m[K/home/otavio/dev_ws/src/scicobot_encoder/src/scicobot_subscriber_encoder.cpp:41:24:[m[K [01;31m[Kerror: [m[Kâ€˜[01m[Kstd_msgs[m[Kâ€™ was not declared in this scope
   41 |   rclcpp::Subscription<[01;31m[Kstd_msgs[m[K::msg::UInt8>::SharedPtr subscription_encoder_left;
      |                        [01;31m[K^~~~~~~~[m[K
[01m[K/home/otavio/dev_ws/src/scicobot_encoder/src/scicobot_subscriber_encoder.cpp:41:44:[m[K [01;31m[Kerror: [m[Ktemplate argument 1 is invalid
   41 |   rclcpp::Subscription<std_msgs::msg::UInt8[01;31m[K>[m[K::SharedPtr subscription_encoder_left;
      |                                            [01;31m[K^[m[K
[01m[K/home/otavio/dev_ws/src/scicobot_encoder/src/scicobot_subscriber_encoder.cpp:41:44:[m[K [01;31m[Kerror: [m[Ktemplate argument 3 is invalid
[01m[K/home/otavio/dev_ws/src/scicobot_encoder/src/scicobot_subscriber_encoder.cpp:41:47:[m[K [01;31m[Kerror: [m[Kexpected â€˜[01m[K;[m[Kâ€™ at end of member declaration
   41 |   rclcpp::Subscription<std_msgs::msg::UInt8>::[01;31m[KSharedPtr[m[K subscription_encoder_left;
      |                                               [01;31m[K^~~~~~~~~[m[K
      |                                                        [32m[K;[m[K
[01m[K/home/otavio/dev_ws/src/scicobot_encoder/src/scicobot_subscriber_encoder.cpp:41:57:[m[K [01;31m[Kerror: [m[Kâ€˜[01m[Ksubscription_encoder_left[m[Kâ€™ does not name a type
   41 |   rclcpp::Subscription<std_msgs::msg::UInt8>::SharedPtr [01;31m[Ksubscription_encoder_left[m[K;
      |                                                         [01;31m[K^~~~~~~~~~~~~~~~~~~~~~~~~[m[K
[01m[K/home/otavio/dev_ws/src/scicobot_encoder/src/scicobot_subscriber_encoder.cpp:[m[K In constructor â€˜[01m[KMinimalSubscriber::MinimalSubscriber()[m[Kâ€™:
[01m[K/home/otavio/dev_ws/src/scicobot_encoder/src/scicobot_subscriber_encoder.cpp:29:5:[m[K [01;31m[Kerror: [m[Kâ€˜[01m[Ksubscription_encoder_left[m[Kâ€™ was not declared in this scope
   29 |     [01;31m[Ksubscription_encoder_left[m[K = this->create_subscription<std_msgs::msg::UInt8>(
      |     [01;31m[K^~~~~~~~~~~~~~~~~~~~~~~~~[m[K
[01m[K/home/otavio/dev_ws/src/scicobot_encoder/src/scicobot_subscriber_encoder.cpp:29:59:[m[K [01;31m[Kerror: [m[Kâ€˜[01m[Kstd_msgs[m[Kâ€™ was not declared in this scope
   29 |     subscription_encoder_left = this->create_subscription<[01;31m[Kstd_msgs[m[K::msg::UInt8>(
      |                                                           [01;31m[K^~~~~~~~[m[K
[01m[K/home/otavio/dev_ws/src/scicobot_encoder/src/scicobot_subscriber_encoder.cpp:29:39:[m[K [01;31m[Kerror: [m[Kparse error in template argument list
   29 |     subscription_encoder_left = this->[01;31m[Kcreate_subscription<std_msgs::msg::UInt8>[m[K(
      |                                       [01;31m[K^~~~~~~~~~~~~~~~~~~~~~~~~~~~~~~~~~~~~~~~~[m[K
[01m[K/home/otavio/dev_ws/src/scicobot_encoder/src/scicobot_subscriber_encoder.cpp:30:89:[m[K [01;31m[Kerror: [m[Kno matching function for call to â€˜[01m[KMinimalSubscriber::create_subscription<<expression error> >(const char [13], int, std::_Bind_helper<false, void (MinimalSubscriber::*)(...), MinimalSubscriber*, const std::_Placeholder<1>&>::type)[m[Kâ€™
   30 |       "encoder_left", 10, std::bind(&MinimalSubscriber::callback_encoder_left, this, _1)[01;31m[K)[m[K;
      |                                                                                         [01;31m[K^[m[K
In file included from [01m[K/opt/ros/foxy/include/rclcpp/executors/single_threaded_executor.hpp:28[m[K,
                 from [01m[K/opt/ros/foxy/include/rclcpp/executors.hpp:22[m[K,
                 from [01m[K/opt/ros/foxy/include/rclcpp/rclcpp.hpp:146[m[K,
                 from [01m[K/home/otavio/dev_ws/src/scicobot_encoder/src/scicobot_subscriber_encoder.cpp:16[m[K:
[01m[K/opt/ros/foxy/include/rclcpp/node.hpp:213:3:[m[K [01;36m[Knote: [m[Kcandidate: â€˜[01m[Ktemplate<class MessageT, class CallbackT, class AllocatorT, class CallbackMessageT, class SubscriptionT, class MessageMemoryStrategyT> std::shared_ptr<SubscriptionT> rclcpp::Node::create_subscription(const string&, const rclcpp::QoS&, CallbackT&&, const rclcpp::SubscriptionOptionsWithAllocator<AllocatorT>&, typename MessageMemoryStrategyT::SharedPtr)[m[Kâ€™
  213 |   [01;36m[Kcreate_subscription[m[K(
      |   [01;36m[K^~~~~~~~~~~~~~~~~~~[m[K
[01m[K/opt/ros/foxy/include/rclcpp/node.hpp:213:3:[m[K [01;36m[Knote: [m[K  template argument deduction/substitution failed:
[01m[K/home/otavio/dev_ws/src/scicobot_encoder/src/scicobot_subscriber_encoder.cpp:30:89:[m[K [01;31m[Kerror: [m[Ktemplate argument 1 is invalid
   30 |       "encoder_left", 10, std::bind(&MinimalSubscriber::callback_encoder_left, this, _1)[01;31m[K)[m[K;
      |                                                                                         [01;31m[K^[m[K
make[2]: *** [CMakeFiles/listener.dir/build.make:63: CMakeFiles/listener.dir/src/scicobot_subscriber_encoder.cpp.o] Erro 1
make[1]: *** [CMakeFiles/Makefile2:78: CMakeFiles/listener.dir/all] Erro 2
make: *** [Makefile:141: all] Erro 2
