[01m[K/home/otavio/scicobot_rasp/src/test_cooperation_rasp/src/test_cooperation_rasp.cpp:[m[K In function â€˜[01m[Kfloat tempMeasure()[m[Kâ€™:
[01m[K/home/otavio/scicobot_rasp/src/test_cooperation_rasp/src/test_cooperation_rasp.cpp:25:9:[m[K [01;35m[Kwarning: [m[Kvariable â€˜[01m[Kn[m[Kâ€™ set but not used [[01;35m[K-Wunused-but-set-variable[m[K]
   25 |     int [01;35m[Kn[m[K;
      |         [01;35m[K^[m[K
[01m[K/home/otavio/scicobot_rasp/src/test_cooperation_rasp/src/test_cooperation_rasp.cpp:[m[K In constructor â€˜[01m[KMinimalNode::MinimalNode()[m[Kâ€™:
[01m[K/home/otavio/scicobot_rasp/src/test_cooperation_rasp/src/test_cooperation_rasp.cpp:47:49:[m[K [01;31m[Kerror: [m[Kunable to find numeric literal operator â€˜[01m[Koperator""ms[m[Kâ€™
   47 |     timer_temperature = this->create_wall_timer([01;31m[K500ms[m[K, std::bind(&MinimalNode::timer_callback_temperature, this));
      |                                                 [01;31m[K^~~~~[m[K
make[2]: *** [CMakeFiles/cooperation_rasp.dir/build.make:63: CMakeFiles/cooperation_rasp.dir/src/test_cooperation_rasp.cpp.o] Erro 1
make[1]: *** [CMakeFiles/Makefile2:78: CMakeFiles/cooperation_rasp.dir/all] Erro 2
make: *** [Makefile:141: all] Erro 2
