[01m[K/home/otavio/scicobot_rasp/src/test_cooperation_scicobot/src/simple_test_cooperation.cpp:39:44:[m[K [01;31m[Kerror: [m[Kâ€˜[01m[KFloat32[m[Kâ€™ in namespace â€˜[01m[Kstd_msgs::msg[m[Kâ€™ does not name a type
   39 |   void topic_callback(const std_msgs::msg::[01;31m[KFloat32[m[K::SharedPtr msg) const
      |                                            [01;31m[K^~~~~~~[m[K
[01m[K/home/otavio/scicobot_rasp/src/test_cooperation_scicobot/src/simple_test_cooperation.cpp:39:63:[m[K [01;31m[Kerror: [m[Kexpected unqualified-id before â€˜[01m[Kmsg[m[Kâ€™
   39 |   void topic_callback(const std_msgs::msg::Float32::SharedPtr [01;31m[Kmsg[m[K) const
      |                                                               [01;31m[K^~~[m[K
[01m[K/home/otavio/scicobot_rasp/src/test_cooperation_scicobot/src/simple_test_cooperation.cpp:39:62:[m[K [01;31m[Kerror: [m[Kexpected â€˜[01m[K)[m[Kâ€™ before â€˜[01m[Kmsg[m[Kâ€™
   39 |   void topic_callback[34m[K([m[Kconst std_msgs::msg::Float32::SharedPtr[01;31m[K [m[K[32m[Kmsg[m[K) const
      |                      [34m[K~[m[K                                       [01;31m[K^[m[K[32m[K~~~[m[K
      |                                                              [32m[K)[m[K
[01m[K/home/otavio/scicobot_rasp/src/test_cooperation_scicobot/src/simple_test_cooperation.cpp:39:53:[m[K [01;31m[Kerror: [m[Kexpected â€˜[01m[K;[m[Kâ€™ at end of member declaration
   39 |   void topic_callback(const std_msgs::msg::Float32::[01;31m[KSharedPtr[m[K msg) const
      |                                                     [01;31m[K^~~~~~~~~[m[K
      |                                                              [32m[K;[m[K
[01m[K/home/otavio/scicobot_rasp/src/test_cooperation_scicobot/src/simple_test_cooperation.cpp:39:63:[m[K [01;31m[Kerror: [m[Kâ€˜[01m[Kmsg[m[Kâ€™ does not name a type
   39 |   void topic_callback(const std_msgs::msg::Float32::SharedPtr [01;31m[Kmsg[m[K) const
      |                                                               [01;31m[K^~~[m[K
[01m[K/home/otavio/scicobot_rasp/src/test_cooperation_scicobot/src/simple_test_cooperation.cpp:[m[K In constructor â€˜[01m[KMinimalNode::MinimalNode()[m[Kâ€™:
[01m[K/home/otavio/scicobot_rasp/src/test_cooperation_scicobot/src/simple_test_cooperation.cpp:30:60:[m[K [01;31m[Kerror: [m[Kâ€˜[01m[KTwist[m[Kâ€™ is not a member of â€˜[01m[Kstd_msgs::msg[m[Kâ€™; did you mean â€˜[01m[Kgeometry_msgs::msg::Twist[m[Kâ€™?
   30 |     publisher_move = this->create_publisher<std_msgs::msg::[01;31m[KTwist[m[K>("rasp_cmd_vel", 10);
      |                                                            [01;31m[K^~~~~[m[K
In file included from [01m[K/opt/ros/foxy/include/geometry_msgs/msg/twist.hpp:7[m[K,
                 from [01m[K/home/otavio/scicobot_rasp/src/test_cooperation_scicobot/src/simple_test_cooperation.cpp:19[m[K:
[01m[K/opt/ros/foxy/include/geometry_msgs/msg/detail/twist__struct.hpp:133:7:[m[K [01;36m[Knote: [m[Kâ€˜[01m[Kgeometry_msgs::msg::Twist[m[Kâ€™ declared here
  133 | using [01;36m[KTwist[m[K =
      |       [01;36m[K^~~~~[m[K
[01m[K/home/otavio/scicobot_rasp/src/test_cooperation_scicobot/src/simple_test_cooperation.cpp:30:60:[m[K [01;31m[Kerror: [m[Kâ€˜[01m[KTwist[m[Kâ€™ is not a member of â€˜[01m[Kstd_msgs::msg[m[Kâ€™; did you mean â€˜[01m[Kgeometry_msgs::msg::Twist[m[Kâ€™?
   30 |     publisher_move = this->create_publisher<std_msgs::msg::[01;31m[KTwist[m[K>("rasp_cmd_vel", 10);
      |                                                            [01;31m[K^~~~~[m[K
In file included from [01m[K/opt/ros/foxy/include/geometry_msgs/msg/twist.hpp:7[m[K,
                 from [01m[K/home/otavio/scicobot_rasp/src/test_cooperation_scicobot/src/simple_test_cooperation.cpp:19[m[K:
[01m[K/opt/ros/foxy/include/geometry_msgs/msg/detail/twist__struct.hpp:133:7:[m[K [01;36m[Knote: [m[Kâ€˜[01m[Kgeometry_msgs::msg::Twist[m[Kâ€™ declared here
  133 | using [01;36m[KTwist[m[K =
      |       [01;36m[K^~~~~[m[K
[01m[K/home/otavio/scicobot_rasp/src/test_cooperation_scicobot/src/simple_test_cooperation.cpp:30:85:[m[K [01;31m[Kerror: [m[Kno matching function for call to â€˜[01m[KMinimalNode::create_publisher<<expression error> >(const char [13], int)[m[Kâ€™
   30 |     publisher_move = this->create_publisher<std_msgs::msg::Twist>("rasp_cmd_vel", 10[01;31m[K)[m[K;
      |                                                                                     [01;31m[K^[m[K
In file included from [01m[K/opt/ros/foxy/include/rclcpp/executors/single_threaded_executor.hpp:28[m[K,
                 from [01m[K/opt/ros/foxy/include/rclcpp/executors.hpp:22[m[K,
                 from [01m[K/opt/ros/foxy/include/rclcpp/rclcpp.hpp:146[m[K,
                 from [01m[K/home/otavio/scicobot_rasp/src/test_cooperation_scicobot/src/simple_test_cooperation.cpp:17[m[K:
[01m[K/opt/ros/foxy/include/rclcpp/node.hpp:184:3:[m[K [01;36m[Knote: [m[Kcandidate: â€˜[01m[Ktemplate<class MessageT, class AllocatorT, class PublisherT> std::shared_ptr<PublisherT> rclcpp::Node::create_publisher(const string&, const rclcpp::QoS&, const rclcpp::PublisherOptionsWithAllocator<AllocatorT>&)[m[Kâ€™
  184 |   [01;36m[Kcreate_publisher[m[K(
      |   [01;36m[K^~~~~~~~~~~~~~~~[m[K
[01m[K/opt/ros/foxy/include/rclcpp/node.hpp:184:3:[m[K [01;36m[Knote: [m[K  template argument deduction/substitution failed:
[01m[K/home/otavio/scicobot_rasp/src/test_cooperation_scicobot/src/simple_test_cooperation.cpp:30:85:[m[K [01;31m[Kerror: [m[Ktemplate argument 1 is invalid
   30 |     publisher_move = this->create_publisher<std_msgs::msg::Twist>("rasp_cmd_vel", 10[01;31m[K)[m[K;
      |                                                                                     [01;31m[K^[m[K
[01m[K/home/otavio/scicobot_rasp/src/test_cooperation_scicobot/src/simple_test_cooperation.cpp:31:5:[m[K [01;31m[Kerror: [m[Kâ€˜[01m[Ktimer_[m[Kâ€™ was not declared in this scope; did you mean â€˜[01m[Ktimer_t[m[Kâ€™?
   31 |     [01;31m[Ktimer_[m[K = this->create_wall_timer(
      |     [01;31m[K^~~~~~[m[K
      |     [32m[Ktimer_t[m[K
[01m[K/home/otavio/scicobot_rasp/src/test_cooperation_scicobot/src/simple_test_cooperation.cpp:32:7:[m[K [01;31m[Kerror: [m[Kunable to find numeric literal operator â€˜[01m[Koperator""ms[m[Kâ€™
   32 |       [01;31m[K150ms[m[K, std::bind(&MinimalNode::timer_callback, this));
      |       [01;31m[K^~~~~[m[K
[01m[K/home/otavio/scicobot_rasp/src/test_cooperation_scicobot/src/simple_test_cooperation.cpp:32:38:[m[K [01;31m[Kerror: [m[Kâ€˜[01m[Ktimer_callback[m[Kâ€™ is not a member of â€˜[01m[KMinimalNode[m[Kâ€™
   32 |       150ms, std::bind(&MinimalNode::[01;31m[Ktimer_callback[m[K, this));
      |                                      [01;31m[K^~~~~~~~~~~~~~[m[K
In file included from [01m[K/opt/ros/foxy/include/rclcpp/client.hpp:32[m[K,
                 from [01m[K/opt/ros/foxy/include/rclcpp/callback_group.hpp:23[m[K,
                 from [01m[K/opt/ros/foxy/include/rclcpp/any_executable.hpp:20[m[K,
                 from [01m[K/opt/ros/foxy/include/rclcpp/memory_strategy.hpp:24[m[K,
                 from [01m[K/opt/ros/foxy/include/rclcpp/memory_strategies.hpp:18[m[K,
                 from [01m[K/opt/ros/foxy/include/rclcpp/executor_options.hpp:20[m[K,
                 from [01m[K/opt/ros/foxy/include/rclcpp/executor.hpp:33[m[K,
                 from [01m[K/opt/ros/foxy/include/rclcpp/executors/multi_threaded_executor.hpp:26[m[K,
                 from [01m[K/opt/ros/foxy/include/rclcpp/executors.hpp:21[m[K,
                 from [01m[K/opt/ros/foxy/include/rclcpp/rclcpp.hpp:146[m[K,
                 from [01m[K/home/otavio/scicobot_rasp/src/test_cooperation_scicobot/src/simple_test_cooperation.cpp:17[m[K:
/opt/ros/foxy/include/rclcpp/function_traits.hpp: In instantiation of â€˜[01m[Kstruct rclcpp::function_traits::function_traits<std::_Bind<void (MinimalNode::*(MinimalNode*, std::_Placeholder<1>))(...)> >[m[Kâ€™:
[01m[K/opt/ros/foxy/include/rclcpp/subscription_traits.hpp:97:8:[m[K   required from â€˜[01m[Kstruct rclcpp::subscription_traits::has_message_type<std::_Bind<void (MinimalNode::*(MinimalNode*, std::_Placeholder<1>))(...)>, std::allocator<void>, void, void, void, void>[m[Kâ€™
[01m[K/opt/ros/foxy/include/rclcpp/node.hpp:204:5:[m[K   required by substitution of â€˜[01m[Ktemplate<class MessageT, class CallbackT, class AllocatorT, class CallbackMessageT, class SubscriptionT, class MessageMemoryStrategyT> std::shared_ptr<SubscriptionT> rclcpp::Node::create_subscription(const string&, const rclcpp::QoS&, CallbackT&&, const rclcpp::SubscriptionOptionsWithAllocator<AllocatorT>&, typename MessageMemoryStrategyT::SharedPtr) [with MessageT = std_msgs::msg::Bool_<std::allocator<void> >; CallbackT = std::_Bind<void (MinimalNode::*(MinimalNode*, std::_Placeholder<1>))(...)>; AllocatorT = std::allocator<void>; CallbackMessageT = <missing>; SubscriptionT = <missing>; MessageMemoryStrategyT = <missing>][m[Kâ€™
[01m[K/home/otavio/scicobot_rasp/src/test_cooperation_scicobot/src/simple_test_cooperation.cpp:35:71:[m[K   required from here
[01m[K/opt/ros/foxy/include/rclcpp/function_traits.hpp:51:9:[m[K [01;31m[Kerror: [m[Kdecltype cannot resolve address of overloaded function
   51 |   using [01;31m[Karguments[m[K = typename tuple_tail<
      |         [01;31m[K^~~~~~~~~[m[K
[01m[K/opt/ros/foxy/include/rclcpp/function_traits.hpp:57:9:[m[K [01;31m[Kerror: [m[Kdecltype cannot resolve address of overloaded function
   57 |   using [01;31m[Kargument_type[m[K = typename std::tuple_element<N, arguments>::type;
      |         [01;31m[K^~~~~~~~~~~~~[m[K
[01m[K/opt/ros/foxy/include/rclcpp/function_traits.hpp:59:9:[m[K [01;31m[Kerror: [m[Kdecltype cannot resolve address of overloaded function
   59 |   using [01;31m[Kreturn_type[m[K = typename function_traits<decltype( &FunctionT::operator())>::return_type;
      |         [01;31m[K^~~~~~~~~~~[m[K
[01m[K/home/otavio/scicobot_rasp/src/test_cooperation_scicobot/src/simple_test_cooperation.cpp:35:71:[m[K [01;31m[Kerror: [m[Kno matching function for call to â€˜[01m[KMinimalNode::create_subscription<std_msgs::msg::Bool>(const char [8], int, std::_Bind_helper<false, void (MinimalNode::*)(...), MinimalNode*, const std::_Placeholder<1>&>::type)[m[Kâ€™
   35 |       "cmd_vel", 10, std::bind(&MinimalNode::topic_callback, this, _1)[01;31m[K)[m[K;
      |                                                                       [01;31m[K^[m[K
In file included from [01m[K/opt/ros/foxy/include/rclcpp/executors/single_threaded_executor.hpp:28[m[K,
                 from [01m[K/opt/ros/foxy/include/rclcpp/executors.hpp:22[m[K,
                 from [01m[K/opt/ros/foxy/include/rclcpp/rclcpp.hpp:146[m[K,
                 from [01m[K/home/otavio/scicobot_rasp/src/test_cooperation_scicobot/src/simple_test_cooperation.cpp:17[m[K:
[01m[K/opt/ros/foxy/include/rclcpp/node.hpp:213:3:[m[K [01;36m[Knote: [m[Kcandidate: â€˜[01m[Ktemplate<class MessageT, class CallbackT, class AllocatorT, class CallbackMessageT, class SubscriptionT, class MessageMemoryStrategyT> std::shared_ptr<SubscriptionT> rclcpp::Node::create_subscription(const string&, const rclcpp::QoS&, CallbackT&&, const rclcpp::SubscriptionOptionsWithAllocator<AllocatorT>&, typename MessageMemoryStrategyT::SharedPtr)[m[Kâ€™
  213 |   [01;36m[Kcreate_subscription[m[K(
      |   [01;36m[K^~~~~~~~~~~~~~~~~~~[m[K
[01m[K/opt/ros/foxy/include/rclcpp/node.hpp:213:3:[m[K [01;36m[Knote: [m[K  substitution of deduced template arguments resulted in errors seen above
make[2]: *** [CMakeFiles/cooperation.dir/build.make:63: CMakeFiles/cooperation.dir/src/simple_test_cooperation.cpp.o] Erro 1
make[1]: *** [CMakeFiles/Makefile2:78: CMakeFiles/cooperation.dir/all] Erro 2
make: *** [Makefile:141: all] Erro 2
